{"C:\\Users\\kikog\\OneDrive\\Documents\\GitHub\\CookieTest-Backend\\src\\models\\pollAndUser.js": {"path":"C:\\Users\\kikog\\OneDrive\\Documents\\GitHub\\CookieTest-Backend\\src\\models\\pollAndUser.js","statementMap":{"0":{"start":{"line":1,"column":17},"end":{"line":1,"column":36}},"1":{"start":{"line":3,"column":26},"end":{"line":64,"column":2}},"2":{"start":{"line":66,"column":0},"end":{"line":66,"column":66}}},"fnMap":{},"branchMap":{},"s":{"0":2,"1":2,"2":2},"f":{},"b":{},"_coverageSchema":"1a1c01bbd47fc00a2c39e90264f33305004495a9","hash":"a13f9500ee6fa4387d67f4e8bfc9e0a6226adba4"}
,"C:\\Users\\kikog\\OneDrive\\Documents\\GitHub\\CookieTest-Backend\\src\\routes\\pollAndUser.js": {"path":"C:\\Users\\kikog\\OneDrive\\Documents\\GitHub\\CookieTest-Backend\\src\\routes\\pollAndUser.js","statementMap":{"0":{"start":{"line":3,"column":16},"end":{"line":3,"column":34}},"1":{"start":{"line":4,"column":20},"end":{"line":4,"column":52}},"2":{"start":{"line":5,"column":12},"end":{"line":5,"column":26}},"3":{"start":{"line":7,"column":15},"end":{"line":7,"column":31}},"4":{"start":{"line":10,"column":26},"end":{"line":21,"column":2}},"5":{"start":{"line":24,"column":21},"end":{"line":39,"column":1}},"6":{"start":{"line":26,"column":8},"end":{"line":26,"column":66}},"7":{"start":{"line":27,"column":26},"end":{"line":27,"column":58}},"8":{"start":{"line":28,"column":8},"end":{"line":31,"column":9}},"9":{"start":{"line":29,"column":12},"end":{"line":29,"column":79}},"10":{"start":{"line":30,"column":12},"end":{"line":30,"column":54}},"11":{"start":{"line":32,"column":8},"end":{"line":32,"column":56}},"12":{"start":{"line":33,"column":8},"end":{"line":33,"column":50}},"13":{"start":{"line":36,"column":8},"end":{"line":36,"column":57}},"14":{"start":{"line":37,"column":8},"end":{"line":37,"column":40}},"15":{"start":{"line":42,"column":0},"end":{"line":50,"column":3}},"16":{"start":{"line":43,"column":4},"end":{"line":49,"column":5}},"17":{"start":{"line":44,"column":33},"end":{"line":44,"column":68}},"18":{"start":{"line":45,"column":8},"end":{"line":45,"column":47}},"19":{"start":{"line":47,"column":8},"end":{"line":47,"column":63}},"20":{"start":{"line":48,"column":8},"end":{"line":48,"column":55}},"21":{"start":{"line":53,"column":0},"end":{"line":61,"column":3}},"22":{"start":{"line":54,"column":4},"end":{"line":60,"column":5}},"23":{"start":{"line":55,"column":26},"end":{"line":55,"column":53}},"24":{"start":{"line":56,"column":8},"end":{"line":56,"column":40}},"25":{"start":{"line":58,"column":8},"end":{"line":58,"column":66}},"26":{"start":{"line":59,"column":8},"end":{"line":59,"column":96}},"27":{"start":{"line":63,"column":0},"end":{"line":66,"column":2}}},"fnMap":{"0":{"name":"(anonymous_0)","decl":{"start":{"line":25,"column":12},"end":{"line":25,"column":13}},"loc":{"start":{"line":25,"column":28},"end":{"line":34,"column":5}},"line":25},"1":{"name":"(anonymous_1)","decl":{"start":{"line":35,"column":12},"end":{"line":35,"column":13}},"loc":{"start":{"line":35,"column":24},"end":{"line":38,"column":5}},"line":35},"2":{"name":"(anonymous_2)","decl":{"start":{"line":42,"column":32},"end":{"line":42,"column":33}},"loc":{"start":{"line":42,"column":58},"end":{"line":50,"column":1}},"line":42},"3":{"name":"(anonymous_3)","decl":{"start":{"line":53,"column":32},"end":{"line":53,"column":33}},"loc":{"start":{"line":53,"column":52},"end":{"line":61,"column":1}},"line":53}},"branchMap":{"0":{"loc":{"start":{"line":28,"column":8},"end":{"line":31,"column":9}},"type":"if","locations":[{"start":{"line":28,"column":8},"end":{"line":31,"column":9}},{"start":{},"end":{}}],"line":28}},"s":{"0":2,"1":2,"2":2,"3":2,"4":2,"5":2,"6":4,"7":4,"8":4,"9":2,"10":2,"11":2,"12":2,"13":1,"14":1,"15":2,"16":2,"17":2,"18":1,"19":1,"20":1,"21":2,"22":0,"23":0,"24":0,"25":0,"26":0,"27":2},"f":{"0":4,"1":1,"2":2,"3":0},"b":{"0":[2,2]},"_coverageSchema":"1a1c01bbd47fc00a2c39e90264f33305004495a9","hash":"9497a62e33bb8927c9c6a728f1fe3ad6b0e02a1d"}
}
