TN:
SF:src\models\pollAndUser.js
FNF:0
FNH:0
DA:1,3
DA:3,3
DA:66,3
LF:3
LH:3
BRF:0
BRH:0
end_of_record
TN:
SF:src\routes\pollAndUser.js
FN:25,(anonymous_0)
FN:35,(anonymous_1)
FN:42,(anonymous_2)
FN:53,(anonymous_3)
FNF:4
FNH:2
FNDA:0,(anonymous_0)
FNDA:4,(anonymous_1)
FNDA:0,(anonymous_2)
FNDA:4,(anonymous_3)
DA:3,3
DA:4,3
DA:5,3
DA:7,3
DA:10,3
DA:24,3
DA:26,0
DA:27,0
DA:28,0
DA:29,0
DA:30,0
DA:32,0
DA:33,0
DA:36,4
DA:37,4
DA:42,3
DA:43,0
DA:44,0
DA:45,0
DA:47,0
DA:48,0
DA:53,3
DA:54,4
DA:55,4
DA:56,2
DA:58,2
DA:59,2
DA:63,3
LF:28
LH:16
BRDA:28,0,0,0
BRDA:28,0,1,0
BRF:2
BRH:0
end_of_record
