TN:
SF:src\models\pollAndUser.js
FNF:0
FNH:0
DA:1,2
DA:3,2
DA:66,2
LF:3
LH:3
BRF:0
BRH:0
end_of_record
TN:
SF:src\routes\pollAndUser.js
FN:25,(anonymous_0)
FN:35,(anonymous_1)
FN:42,(anonymous_2)
FN:53,(anonymous_3)
FNF:4
FNH:3
FNDA:4,(anonymous_0)
FNDA:1,(anonymous_1)
FNDA:2,(anonymous_2)
FNDA:0,(anonymous_3)
DA:3,2
DA:4,2
DA:5,2
DA:7,2
DA:10,2
DA:24,2
DA:26,4
DA:27,4
DA:28,4
DA:29,2
DA:30,2
DA:32,2
DA:33,2
DA:36,1
DA:37,1
DA:42,2
DA:43,2
DA:44,2
DA:45,1
DA:47,1
DA:48,1
DA:53,2
DA:54,0
DA:55,0
DA:56,0
DA:58,0
DA:59,0
DA:63,2
LF:28
LH:23
BRDA:28,0,0,2
BRDA:28,0,1,2
BRF:2
BRH:2
end_of_record
